#
# A fatal error has been detected by the Java Runtime Environment:
#
#  Internal Error (safepoint.cpp:610), pid=2576, tid=8112
#  fatal error: Deadlock in safepoint code.  Should have called back to the VM before blocking.
#
# JRE version: 6.0_25-b06
# Java VM: Java HotSpot(TM) 64-Bit Server VM (20.0-b11 mixed mode windows-amd64 compressed oops)
# If you would like to submit a bug report, please visit:
#   http://java.sun.com/webapps/bugreport/crash.jsp
#

---------------  T H R E A D  ---------------

Current thread (0x0000000006e16800):  JavaThread "AWT-Windows" daemon [_thread_in_native_trans, id=8112, stack(0x0000000007650000,0x0000000007750000)]

Stack: [0x0000000007650000,0x0000000007750000]
[error occurred during error reporting (printing stack bounds), id 0xe0000000]


[error occurred during error reporting (printing native stack), id 0xe0000000]

#
# A fatal error has been detected by the Java Runtime Environment:
#
#  Internal Error (H‹€(:125098336), pid=2576, tid=8112
#  H‹ØH…À„Ÿ¹: %)w
#
# JRE version: 6.0_25-b06
# Java VM: Java HotSpot(TM) 64-Bit Server VM (20.0-b11 mixed mode windows-amd64 compressed oops)
# Problematic frame:
# C  [ntdll.dll+0x57e79]
#
# If you would like to submit a bug report, please visit:
#   http://java.sun.com/webapps/bugreport/crash.jsp
#

---------------  T H R E A D  ---------------

Current thread (0x0000000006e16800):  JavaThread "AWT-Windows" daemon [_thread_in_native_trans, id=8112, stack(0x0000000007650000,0x0000000007750000)]

Registers:
RAX=0x000000000000800c, RBX=0x000000000774dcc0, RCX=0x0000000000000020, RDX=0x000000000774e280
RSP=0x000000000774da50, RBP=0x3300f95900000003, RSI=0xfd4b73fa325bfcd1, RDI=0x0000000000000000
R8 =0x0000000000000000, R9 =0x0000000000000126, R10=0x00000000021534ff, R11=0x000000000000000f
R12=0x0000000077297e79, R13=0x000000000000010e, R14=0x0000000002153517, R15=0x0000000000000000
RIP=0x0000000077297e79, EFLAGS=0x0000000000000000

Top of Stack: (sp=0x000000000774da50)
0x000000000774da50:   0000000000000000 0000000077297e79
0x000000000774da60:   000000000000010e 0000000002153517
0x000000000774da70:   000007fffffdf000 0000000000000002
0x000000000774da80:   00001fa000000002 0000000077290033
0x000000000774da90:   00000202002b0000 00000000ffffffff
0x000000000774daa0:   0000000000003064 0000000000000000
0x000000000774dab0:   0000000077297b30 000000000774dbe4
0x000000000774dac0:   000007fffffd0654 00000000c0000005
0x000000000774dad0:   0000000000000002 ac19fc71cb2827aa
0x000000000774dae0:   0000000000000000 000000000774f750
0x000000000774daf0:   000000006d211e00 0000000000000000
0x000000000774db00:   0000000000000000 0000000077297bf9
0x000000000774db10:   fffffffffffffffc 0000000000000001
0x000000000774db20:   0000000000130000 0000000000000000
0x000000000774db30:   0000000000000000 0000000000000000
0x000000000774db40:   0000000000000000 0000000077291225 

Instructions: (pc=0x0000000077297e79)
0x0000000077297e59:   40 f6 c6 01 48 8d 75 ff 49 8b cf 48 0f 45 f5 4c
0x0000000077297e69:   8b e6 4d 0f af e5 4c 03 e3 49 8b d4 ff 54 24 70
0x0000000077297e79:   85 c0 0f 84 e7 08 00 00 0f 89 36 04 fd ff 49 8b
0x0000000077297e89:   fc 49 2b fd eb 00 48 3b df 76 b9 eb 00 33 c0 48 


Register to memory mapping:

RAX=0x000000000000800c is an unknown value
RBX=0x000000000774dcc0 is pointing into the stack for thread: 0x0000000006e16800
RCX=0x0000000000000020 is an unknown value
RDX=0x000000000774e280 is pointing into the stack for thread: 0x0000000006e16800
RSP=0x000000000774da50 is pointing into the stack for thread: 0x0000000006e16800
RBP=0x3300f95900000003 is an unknown value
RSI=0xfd4b73fa325bfcd1 is an unknown value
RDI=0x0000000000000000 is an unknown value
R8 =0x0000000000000000 is an unknown value
R9 =0x0000000000000126 is an unknown value
R10=0x00000000021534ff is an unknown value
R11=0x000000000000000f is an unknown value
R12=0x0000000077297e79 is an unknown value
R13=0x000000000000010e is an unknown value
R14=0x0000000002153517 is an unknown value
R15=0x0000000000000000 is an unknown value


Stack: [0x0000000007650000,0x0000000007750000],  sp=0x000000000774da50,  free space=1014k
Native frames: (J=compiled Java code, j=interpreted, Vv=VM code, C=native code)
C  [ntdll.dll+0x57e79]  bsearch+0x85


[error occurred during error reporting (printing Java stack), id 0xc0000005]

#
# A fatal error has been detected by the Java Runtime Environment:
#
#  Internal Error (0x0), pid=2576, tid=8112
#
# JRE version: 6.0_25-b06
# Java VM: Java HotSpot(TM) 64-Bit Server VM (20.0-b11 mixed mode windows-amd64 compressed oops)
