#
# A fatal error has been detected by the Java Runtime Environment:
#
#  Internal Error (safepoint.cpp:610), pid=8524, tid=5284
#  fatal error: Deadlock in safepoint code.  Should have called back to the VM before blocking.
#
# JRE version: 6.0_25-b06
# Java VM: Java HotSpot(TM) 64-Bit Server VM (20.0-b11 mixed mode windows-amd64 compressed oops)
# If you would like to submit a bug report, please visit:
#   http://java.sun.com/webapps/bugreport/crash.jsp
#

---------------  T H R E A D  ---------------

Current thread (0x0000000006fd2000):  JavaThread "AWT-Windows" daemon [_thread_in_native_trans, id=5284, stack(0x00000000078a0000,0x00000000079a0000)]

Stack: [0x00000000078a0000,0x00000000079a0000]
[error occurred during error reporting (printing stack bounds), id 0xe0000000]


[error occurred during error reporting (printing native stack), id 0xe0000000]

#
# A fatal error has been detected by the Java Runtime Environment:
#
#  Internal Error (H‹€(:127522656), pid=8524, tid=5284
#  H‹ØH…À„Ÿ¹: õ?w
#
# JRE version: 6.0_25-b06
# Java VM: Java HotSpot(TM) 64-Bit Server VM (20.0-b11 mixed mode windows-amd64 compressed oops)
# Problematic frame:
# C  0x0000000000000000
#
# If you would like to submit a bug report, please visit:
#   http://java.sun.com/webapps/bugreport/crash.jsp
#

---------------  T H R E A D  ---------------

Current thread (0x0000000006fd2000):  JavaThread "AWT-Windows" daemon [_thread_in_native_trans, id=5284, stack(0x00000000078a0000,0x00000000079a0000)]

Registers:
RAX=0x000000000799d818, RBX=0x000000000799d830, RCX=0x000000000799d814, RDX=0x000000000799d900
RSP=0x000000000799d834, RBP=0x0000000000000001, RSI=0x0000000000000001, RDI=0x000004b400000000
R8 =0x0000000000131790, R9 =0x0000000000000000, R10=0x0000000000000000, R11=0x9dcc6b4300000001
R12=0x0000000300000020, R13=0x0000000000000000, R14=0x0000000300000002, R15=0x0000000000000002
RIP=0x0000000000000000, EFLAGS=0x0000000000000000

Top of Stack: (sp=0x000000000799d834)
0x000000000799d834:   000000209dcc6b43 0000000000000003
0x000000000799d844:   0000000200000000 0000000200000003
0x000000000799d854:   0000000000000000 0000000000000000
0x000000000799d864:   0000000100000000 0000000000000000
0x000000000799d874:   0000000000000000 0000000000000000
0x000000000799d884:   773f003300001fa0 002bda5000000000
0x000000000799d894:   0799da9800000202 0799dad000000000
0x000000000799d8a4:   0000000000000000 0799d90000000000
0x000000000799d8b4:   0000000000000000 0000000000000000
0x000000000799d8c4:   c000000500000000 0000000000000000
0x000000000799d8d4:   0016001400000000 0000000000000000
0x000000000799d8e4:   0799f55000000000 6d211e0000000000
0x000000000799d8f4:   0000000000000000 0000000000000000
0x000000000799d904:   0000000000000000 0000000000000000
0x000000000799d914:   0000000000000000 0000000000000000
0x000000000799d924:   0000000000000000 0000000000000000 

Instructions: (pc=0x0000000000000000)
0xffffffffffffffe0:   


Register to memory mapping:

RAX=0x000000000799d818 is pointing into the stack for thread: 0x0000000006fd2000
RBX=0x000000000799d830 is pointing into the stack for thread: 0x0000000006fd2000
RCX=0x000000000799d814 is pointing into the stack for thread: 0x0000000006fd2000
RDX=0x000000000799d900 is pointing into the stack for thread: 0x0000000006fd2000
RSP=0x000000000799d834 is pointing into the stack for thread: 0x0000000006fd2000
RBP=0x0000000000000001 is an unknown value
RSI=0x0000000000000001 is an unknown value
RDI=0x000004b400000000 is an unknown value
R8 =0x0000000000131790 is an unknown value
R9 =0x0000000000000000 is an unknown value
R10=0x0000000000000000 is an unknown value
R11=0x9dcc6b4300000001 is an unknown value
R12=0x0000000300000020 is an unknown value
R13=0x0000000000000000 is an unknown value
R14=0x0000000300000002 is an unknown value
R15=0x0000000000000002 is an unknown value


Stack: [0x00000000078a0000,0x00000000079a0000],  sp=0x000000000799d834,  free space=1014k
Java frames: (J=compiled Java code, j=interpreted, Vv=VM code)
j  sun.awt.windows.WToolkit.eventLoop()V+0
j  sun.awt.windows.WToolkit.run()V+52
j  java.lang.Thread.run()V+11
v  ~StubRoutines::call_stub

---------------  P R O C E S S  ---------------

Java Threads: ( => current thread )
  0x0000000008611000 JavaThread "Thread-1" daemon [_thread_in_native, id=10820, stack(0x0000000008270000,0x0000000008370000)]
  0x0000000008611800 JavaThread "Image Fetcher 3" daemon [_thread_blocked, id=2864, stack(0x0000000008090000,0x0000000008190000)]
  0x00000000072be000 JavaThread "AWT-EventQueue-1" [_thread_blocked, id=1956, stack(0x0000000008370000,0x0000000008470000)]
  0x00000000004ac800 JavaThread "DestroyJavaVM" [_thread_blocked, id=4408, stack(0x0000000002600000,0x0000000002700000)]
=>0x0000000006fd2000 JavaThread "AWT-Windows" daemon [_thread_in_native_trans, id=5284, stack(0x00000000078a0000,0x00000000079a0000)]
  0x0000000006fd1800 JavaThread "AWT-Shutdown" [_thread_blocked, id=5916, stack(0x00000000077a0000,0x00000000078a0000)]
  0x00000000067ef000 JavaThread "Java2D Disposer" daemon [_thread_blocked, id=8928, stack(0x00000000076a0000,0x00000000077a0000)]
  0x0000000006f96000 JavaThread "TimerQueue" daemon [_thread_blocked, id=7040, stack(0x0000000007400000,0x0000000007500000)]
  0x000000000665a800 JavaThread "Low Memory Detector" daemon [_thread_blocked, id=6184, stack(0x0000000006cf0000,0x0000000006df0000)]
  0x000000000664f800 JavaThread "C2 CompilerThread1" daemon [_thread_in_native, id=7228, stack(0x0000000006bf0000,0x0000000006cf0000)]
  0x000000000664b000 JavaThread "C2 CompilerThread0" daemon [_thread_blocked, id=10020, stack(0x0000000006af0000,0x0000000006bf0000)]
  0x0000000006647800 JavaThread "Attach Listener" daemon [_thread_blocked, id=11128, stack(0x00000000069f0000,0x0000000006af0000)]
  0x0000000006642800 JavaThread "Signal Dispatcher" daemon [_thread_blocked, id=11024, stack(0x00000000068f0000,0x00000000069f0000)]
  0x00000000005aa800 JavaThread "Finalizer" daemon [_thread_blocked, id=10012, stack(0x00000000067f0000,0x00000000068f0000)]
  0x00000000005a9000 JavaThread "Reference Handler" daemon [_thread_blocked, id=8688, stack(0x00000000064f0000,0x00000000065f0000)]

Other Threads:
  0x00000000005a3000 VMThread [stack: 0x00000000063f0000,0x00000000064f0000] [id=8784]
  0x000000000666b800 WatcherThread [stack: 0x0000000006df0000,0x0000000006ef0000] [id=9064]

VM state:synchronizing (normal execution)

VM Mutex/Monitor currently owned by a thread:  ([mutex/lock_event])
[0x00000000004aac60] Threads_lock - owner thread: 0x00000000005a3000

Heap
 PSYoungGen      total 18368K, used 393K [0x00000000eb800000, 0x00000000ecc80000, 0x0000000100000000)
  eden space 15744K, 2% used [0x00000000eb800000,0x00000000eb862450,0x00000000ec760000)
  from space 2624K, 0% used [0x00000000ec760000,0x00000000ec760000,0x00000000ec9f0000)
  to   space 2624K, 0% used [0x00000000ec9f0000,0x00000000ec9f0000,0x00000000ecc80000)
 PSOldGen        total 41984K, used 7740K [0x00000000c2800000, 0x00000000c5100000, 0x00000000eb800000)
  object space 41984K, 18% used [0x00000000c2800000,0x00000000c2f8f010,0x00000000c5100000)
 PSPermGen       total 45184K, used 22577K [0x00000000bd600000, 0x00000000c0220000, 0x00000000c2800000)
  object space 45184K, 49% used [0x00000000bd600000,0x00000000bec0c4f8,0x00000000c0220000)

Code Cache  [0x0000000002700000, 0x0000000002970000, 0x0000000005700000)
 total_blobs=657 nmethods=182 adapters=428 free_code_cache=49311488 largest_free_block=14912

Dynamic libraries:
0x0000000000400000 - 0x000000000042e000 	C:\Program Files\Java\jdk1.6.0_25\bin\java.exe
0x00000000773a0000 - 0x0000000077549000 	C:\Windows\SYSTEM32\ntdll.dll
0x0000000077180000 - 0x000000007729f000 	C:\Windows\system32\kernel32.dll
0x000007fefd460000 - 0x000007fefd4cb000 	C:\Windows\system32\KERNELBASE.dll
0x000007fefd5b0000 - 0x000007fefd68b000 	C:\Windows\system32\ADVAPI32.dll
0x000007fefe160000 - 0x000007fefe1ff000 	C:\Windows\system32\msvcrt.dll
0x000007fefe410000 - 0x000007fefe42f000 	C:\Windows\SYSTEM32\sechost.dll
0x000007fefd920000 - 0x000007fefda4d000 	C:\Windows\system32\RPCRT4.dll
0x000007fefd010000 - 0x000007fefd067000 	C:\Windows\system32\apphelp.dll
0x000007fef44c0000 - 0x000007fef4511000 	C:\Windows\AppPatch\AppPatch64\AcGenral.DLL
0x000007fefcfe0000 - 0x000007fefd005000 	C:\Windows\system32\SspiCli.dll
0x000007feff600000 - 0x000007feff671000 	C:\Windows\system32\SHLWAPI.dll
0x000007feff260000 - 0x000007feff2c7000 	C:\Windows\system32\GDI32.dll
0x00000000772a0000 - 0x000000007739a000 	C:\Windows\system32\USER32.dll
0x000007feff680000 - 0x000007feff68e000 	C:\Windows\system32\LPK.dll
0x000007fefda50000 - 0x000007fefdb19000 	C:\Windows\system32\USP10.dll
0x000007fefd710000 - 0x000007fefd913000 	C:\Windows\system32\ole32.dll
0x000007fefe430000 - 0x000007feff1b8000 	C:\Windows\system32\SHELL32.dll
0x00000000729f0000 - 0x00000000729f3000 	C:\Windows\system32\sfc.dll
0x000007fef8550000 - 0x000007fef8560000 	C:\Windows\system32\sfc_os.DLL
0x000007fefc440000 - 0x000007fefc45e000 	C:\Windows\system32\USERENV.dll
0x000007fefd180000 - 0x000007fefd18f000 	C:\Windows\system32\profapi.dll
0x000007fefb320000 - 0x000007fefb338000 	C:\Windows\system32\dwmapi.dll
0x000007fef9cc0000 - 0x000007fef9cd8000 	C:\Windows\system32\MPR.dll
0x000007fefe200000 - 0x000007fefe22e000 	C:\Windows\system32\IMM32.DLL
0x000007fefe040000 - 0x000007fefe149000 	C:\Windows\system32\MSCTF.dll
0x000007fefd140000 - 0x000007fefd180000 	C:\Windows\system32\nvinitx.dll
0x000000006d890000 - 0x000000006e048000 	C:\Program Files\Java\jdk1.6.0_25\jre\bin\server\jvm.dll
0x000007fefb130000 - 0x000007fefb16b000 	C:\Windows\system32\WINMM.dll
0x000000006d800000 - 0x000000006d80e000 	C:\Program Files\Java\jdk1.6.0_25\jre\bin\verify.dll
0x000000006d450000 - 0x000000006d477000 	C:\Program Files\Java\jdk1.6.0_25\jre\bin\java.dll
0x0000000077570000 - 0x0000000077577000 	C:\Windows\system32\PSAPI.DLL
0x000000006d850000 - 0x000000006d862000 	C:\Program Files\Java\jdk1.6.0_25\jre\bin\zip.dll
0x000000006d0a0000 - 0x000000006d263000 	C:\Program Files\Java\jdk1.6.0_25\jre\bin\awt.dll
0x000007fef9730000 - 0x000007fef97a1000 	C:\Windows\system32\WINSPOOL.DRV
0x000007fefb7a0000 - 0x000007fefb994000 	C:\Windows\WinSxS\amd64_microsoft.windows.common-controls_6595b64144ccf1df_6.0.7601.17514_none_fa396087175ac9ac\COMCTL32.dll
0x000007fefb6f0000 - 0x000007fefb746000 	C:\Windows\system32\uxtheme.dll
0x000007fefd070000 - 0x000007fefd07f000 	C:\Windows\system32\CRYPTBASE.dll
0x0000000180000000 - 0x000000018004a000 	C:\Program Files\Acer\Acer ePower Management\SysHook.dll
0x000007feff370000 - 0x000007feff447000 	C:\Windows\system32\OLEAUT32.dll
0x000000006d340000 - 0x000000006d3a6000 	C:\Program Files\Java\jdk1.6.0_25\jre\bin\fontmanager.dll
0x000000006d6a0000 - 0x000000006d6b7000 	C:\Program Files\Java\jdk1.6.0_25\jre\bin\net.dll
0x000007feff5b0000 - 0x000007feff5fd000 	C:\Windows\system32\WS2_32.dll
0x000007fefe150000 - 0x000007fefe158000 	C:\Windows\system32\NSI.dll
0x000007fefc9b0000 - 0x000007fefca05000 	C:\Windows\system32\mswsock.dll
0x000007fefc9a0000 - 0x000007fefc9a7000 	C:\Windows\System32\wship6.dll
0x000007fefc300000 - 0x000007fefc307000 	C:\Windows\System32\wshtcpip.dll
0x000000006d6c0000 - 0x000000006d6cb000 	C:\Program Files\Java\jdk1.6.0_25\jre\bin\nio.dll
0x000000006d2b0000 - 0x000000006d2d8000 	C:\Program Files\Java\jdk1.6.0_25\jre\bin\dcpr.dll
0x000000006d570000 - 0x000000006d5a5000 	C:\Program Files\Java\jdk1.6.0_25\jre\bin\jpeg.dll
0x000007fefca10000 - 0x000007fefca27000 	C:\Windows\system32\CRYPTSP.dll
0x000007fefc710000 - 0x000007fefc757000 	C:\Windows\system32\rsaenh.dll
0x000007fefd120000 - 0x000007fefd134000 	C:\Windows\system32\RpcRtRemote.dll

VM Arguments:
jvm_args: -Dfile.encoding=UTF-8 
java_command: org.jakc.payment.ClientApplication
Launcher Type: SUN_STANDARD

Environment Variables:
JAVA_HOME=C:\Program Files\Java\jdk1.6.0_25
PATH=C:\Program Files (x86)\NVIDIA Corporation\PhysX\Common;C:\Program Files\Common Files\Microsoft Shared\Windows Live;C:\Program Files (x86)\Common Files\Microsoft Shared\Windows Live;C:\Program Files (x86)\Intel\iCLS Client\;C:\Program Files\Intel\iCLS Client\;C:\Windows\system32;C:\Windows;C:\Windows\System32\Wbem;C:\Windows\System32\WindowsPowerShell\v1.0\;C:\Program Files\Intel\Intel(R) Management Engine Components\DAL;C:\Program Files\Intel\Intel(R) Management Engine Components\IPT;C:\Program Files (x86)\Intel\Intel(R) Management Engine Components\DAL;C:\Program Files (x86)\Intel\Intel(R) Management Engine Components\IPT;C:\Program Files (x86)\Windows Live\Shared;C:\Program Files (x86)\EgisTec MyWinLocker\x64;C:\Program Files (x86)\EgisTec MyWinLocker\;C:\Program Files (x86)\Intel\OpenCL SDK\2.0\bin\x86;C:\Program Files (x86)\Intel\OpenCL SDK\2.0\bin\x64;C:\Program Files\Diskeeper Corporation\ExpressCache\;D:\AppServ\Apache2.2\bin;D:\AppServ\php5;D:\AppServ\MySQL\bin
USERNAME=wahhid
OS=Windows_NT
PROCESSOR_IDENTIFIER=Intel64 Family 6 Model 58 Stepping 9, GenuineIntel



---------------  S Y S T E M  ---------------

OS: Windows 7 Build 7601 Service Pack 1

CPU:total 4 (2 cores per cpu, 2 threads per core) family 6 model 58 stepping 9, cmov, cx8, fxsr, mmx, sse, sse2, sse3, ssse3, sse4.1, sse4.2, popcnt, ht

Memory: 4k page, physical 4028780k(836536k free), swap 8055696k(2322512k free)

vm_info: Java HotSpot(TM) 64-Bit Server VM (20.0-b11) for windows-amd64 JRE (1.6.0_25-b06), built on Apr 14 2011 00:44:38 by "java_re" with MS VC++ 8.0 (VS2005)

time: Fri Nov 01 10:35:51 2013
elapsed time: 66 seconds

