#
# A fatal error has been detected by the Java Runtime Environment:
#
#  Internal Error (safepoint.cpp:610), pid=4536, tid=7988
#  fatal error: Deadlock in safepoint code.  Should have called back to the VM before blocking.
#
# JRE version: 6.0_25-b06
# Java VM: Java HotSpot(TM) 64-Bit Server VM (20.0-b11 mixed mode windows-amd64 compressed oops)
# If you would like to submit a bug report, please visit:
#   http://java.sun.com/webapps/bugreport/crash.jsp
#

---------------  T H R E A D  ---------------

Current thread (0x000000000703a800):  JavaThread "AWT-Windows" daemon [_thread_in_native_trans, id=7988, stack(0x0000000007980000,0x0000000007a80000)]

Stack: [0x0000000007980000,0x0000000007a80000]
[error occurred during error reporting (printing stack bounds), id 0xe0000000]


[error occurred during error reporting (printing native stack), id 0xe0000000]

#
# A fatal error has been detected by the Java Runtime Environment:
#
#  Internal Error (H‹€(:128440672), pid=4536, tid=7988
#  H‹ØH…À„Ÿ¹: õ?w
#
# JRE version: 6.0_25-b06
# Java VM: Java HotSpot(TM) 64-Bit Server VM (20.0-b11 mixed mode windows-amd64 compressed oops)
# Problematic frame:
# C  0x0000000000000000
#
# If you would like to submit a bug report, please visit:
#   http://java.sun.com/webapps/bugreport/crash.jsp
#

---------------  T H R E A D  ---------------

Current thread (0x000000000703a800):  JavaThread "AWT-Windows" daemon [_thread_in_native_trans, id=7988, stack(0x0000000007980000,0x0000000007a80000)]

Registers:
RAX=0x0000000007a7da18, RBX=0x0000000007a7da30, RCX=0x0000000007a7da14, RDX=0x0000000007a7db00
RSP=0x0000000007a7da34, RBP=0x0000000000000001, RSI=0x0000000000000001, RDI=0x000004b400000000
R8 =0x0000000000131790, R9 =0x0000000000000000, R10=0x0000000000000000, R11=0x9dcc6b4300000001
R12=0x0000000300000020, R13=0x0000000000000000, R14=0x0000000300000002, R15=0x0000000000000002
RIP=0x0000000000000000, EFLAGS=0x0000000000000000

Top of Stack: (sp=0x0000000007a7da34)
0x0000000007a7da34:   000000209dcc6b43 0000000000000003
0x0000000007a7da44:   0000000200000000 0000000200000003
0x0000000007a7da54:   0000000000000000 0000000000000000
0x0000000007a7da64:   0000000100000000 0000000000000000
0x0000000007a7da74:   0000000000000000 0000000000000000
0x0000000007a7da84:   773f003300001fa0 002bdc5000000000
0x0000000007a7da94:   07a7dc9800000202 07a7dcd000000000
0x0000000007a7daa4:   0000000000000000 07a7db0000000000
0x0000000007a7dab4:   0000000000000000 0000000000000000
0x0000000007a7dac4:   c000000500000000 0000000000000000
0x0000000007a7dad4:   0016001400000000 0000000000000000
0x0000000007a7dae4:   07a7f75000000000 6d211e0000000000
0x0000000007a7daf4:   0000000000000000 0000000000000000
0x0000000007a7db04:   0000000000000000 0000000000000000
0x0000000007a7db14:   0000000000000000 0000000000000000
0x0000000007a7db24:   0000000000000000 0000000000000000 

Instructions: (pc=0x0000000000000000)
0xffffffffffffffe0:   


Register to memory mapping:

RAX=0x0000000007a7da18 is pointing into the stack for thread: 0x000000000703a800
RBX=0x0000000007a7da30 is pointing into the stack for thread: 0x000000000703a800
RCX=0x0000000007a7da14 is pointing into the stack for thread: 0x000000000703a800
RDX=0x0000000007a7db00 is pointing into the stack for thread: 0x000000000703a800
RSP=0x0000000007a7da34 is pointing into the stack for thread: 0x000000000703a800
RBP=0x0000000000000001 is an unknown value
RSI=0x0000000000000001 is an unknown value
RDI=0x000004b400000000 is an unknown value
R8 =0x0000000000131790 is an unknown value
R9 =0x0000000000000000 is an unknown value
R10=0x0000000000000000 is an unknown value
R11=0x9dcc6b4300000001 is an unknown value
R12=0x0000000300000020 is an unknown value
R13=0x0000000000000000 is an unknown value
R14=0x0000000300000002 is an unknown value
R15=0x0000000000000002 is an unknown value


Stack: [0x0000000007980000,0x0000000007a80000],  sp=0x0000000007a7da34,  free space=1014k
Java frames: (J=compiled Java code, j=interpreted, Vv=VM code)
j  sun.awt.windows.WToolkit.eventLoop()V+0
j  sun.awt.windows.WToolkit.run()V+52
j  java.lang.Thread.run()V+11
v  ~StubRoutines::call_stub

---------------  P R O C E S S  ---------------

Java Threads: ( => current thread )
  0x0000000008b01800 JavaThread "Thread-1" daemon [_thread_in_native, id=9628, stack(0x0000000007ec0000,0x0000000007fc0000)]
  0x0000000008b00000 JavaThread "Image Fetcher 3" daemon [_thread_blocked, id=9564, stack(0x0000000007cc0000,0x0000000007dc0000)]
  0x0000000007002000 JavaThread "AWT-EventQueue-1" [_thread_blocked, id=10888, stack(0x0000000008520000,0x0000000008620000)]
  0x00000000007ec800 JavaThread "DestroyJavaVM" [_thread_blocked, id=5268, stack(0x0000000002690000,0x0000000002790000)]
=>0x000000000703a800 JavaThread "AWT-Windows" daemon [_thread_in_native_trans, id=7988, stack(0x0000000007980000,0x0000000007a80000)]
  0x000000000694d800 JavaThread "AWT-Shutdown" [_thread_blocked, id=10972, stack(0x0000000007880000,0x0000000007980000)]
  0x0000000007039800 JavaThread "Java2D Disposer" daemon [_thread_blocked, id=11148, stack(0x0000000007780000,0x0000000007880000)]
  0x0000000006f9a000 JavaThread "TimerQueue" daemon [_thread_blocked, id=8984, stack(0x00000000074a0000,0x00000000075a0000)]
  0x00000000067bc800 JavaThread "Low Memory Detector" daemon [_thread_blocked, id=9188, stack(0x0000000006d50000,0x0000000006e50000)]
  0x00000000067ad800 JavaThread "C2 CompilerThread1" daemon [_thread_blocked, id=6416, stack(0x0000000006c50000,0x0000000006d50000)]
  0x00000000067a8800 JavaThread "C2 CompilerThread0" daemon [_thread_in_native, id=4392, stack(0x0000000006b50000,0x0000000006c50000)]
  0x00000000067a5000 JavaThread "Attach Listener" daemon [_thread_blocked, id=7832, stack(0x0000000006a50000,0x0000000006b50000)]
  0x000000000679f800 JavaThread "Signal Dispatcher" daemon [_thread_blocked, id=9672, stack(0x0000000006950000,0x0000000006a50000)]
  0x0000000000527000 JavaThread "Finalizer" daemon [_thread_blocked, id=10788, stack(0x0000000006650000,0x0000000006750000)]
  0x0000000000525800 JavaThread "Reference Handler" daemon [_thread_blocked, id=10808, stack(0x0000000006550000,0x0000000006650000)]

Other Threads:
  0x000000000051f800 VMThread [stack: 0x0000000006450000,0x0000000006550000] [id=10700]
  0x00000000067c5800 WatcherThread [stack: 0x0000000006e50000,0x0000000006f50000] [id=9604]

VM state:synchronizing (normal execution)

VM Mutex/Monitor currently owned by a thread:  ([mutex/lock_event])
[0x00000000007eac60] Threads_lock - owner thread: 0x000000000051f800

Heap
 PSYoungGen      total 18368K, used 366K [0x00000000eb800000, 0x00000000ecc80000, 0x0000000100000000)
  eden space 15744K, 2% used [0x00000000eb800000,0x00000000eb85bb00,0x00000000ec760000)
  from space 2624K, 0% used [0x00000000ec760000,0x00000000ec760000,0x00000000ec9f0000)
  to   space 2624K, 0% used [0x00000000ec9f0000,0x00000000ec9f0000,0x00000000ecc80000)
 PSOldGen        total 41984K, used 7823K [0x00000000c2800000, 0x00000000c5100000, 0x00000000eb800000)
  object space 41984K, 18% used [0x00000000c2800000,0x00000000c2fa3cf8,0x00000000c5100000)
 PSPermGen       total 45184K, used 22439K [0x00000000bd600000, 0x00000000c0220000, 0x00000000c2800000)
  object space 45184K, 49% used [0x00000000bd600000,0x00000000bebe9e80,0x00000000c0220000)

Code Cache  [0x0000000002790000, 0x0000000002a00000, 0x0000000005790000)
 total_blobs=637 nmethods=162 adapters=428 free_code_cache=49376064 largest_free_block=6144

Dynamic libraries:
0x0000000000400000 - 0x000000000042e000 	C:\Program Files\Java\jdk1.6.0_25\bin\java.exe
0x00000000773a0000 - 0x0000000077549000 	C:\Windows\SYSTEM32\ntdll.dll
0x0000000077180000 - 0x000000007729f000 	C:\Windows\system32\kernel32.dll
0x000007fefd460000 - 0x000007fefd4cb000 	C:\Windows\system32\KERNELBASE.dll
0x000007fefd5b0000 - 0x000007fefd68b000 	C:\Windows\system32\ADVAPI32.dll
0x000007fefe160000 - 0x000007fefe1ff000 	C:\Windows\system32\msvcrt.dll
0x000007fefe410000 - 0x000007fefe42f000 	C:\Windows\SYSTEM32\sechost.dll
0x000007fefd920000 - 0x000007fefda4d000 	C:\Windows\system32\RPCRT4.dll
0x000007fefd010000 - 0x000007fefd067000 	C:\Windows\system32\apphelp.dll
0x000007fef5510000 - 0x000007fef5561000 	C:\Windows\AppPatch\AppPatch64\AcGenral.DLL
0x000007fefcfe0000 - 0x000007fefd005000 	C:\Windows\system32\SspiCli.dll
0x000007feff600000 - 0x000007feff671000 	C:\Windows\system32\SHLWAPI.dll
0x000007feff260000 - 0x000007feff2c7000 	C:\Windows\system32\GDI32.dll
0x00000000772a0000 - 0x000000007739a000 	C:\Windows\system32\USER32.dll
0x000007feff680000 - 0x000007feff68e000 	C:\Windows\system32\LPK.dll
0x000007fefda50000 - 0x000007fefdb19000 	C:\Windows\system32\USP10.dll
0x000007fefd710000 - 0x000007fefd913000 	C:\Windows\system32\ole32.dll
0x000007fefe430000 - 0x000007feff1b8000 	C:\Windows\system32\SHELL32.dll
0x00000000729f0000 - 0x00000000729f3000 	C:\Windows\system32\sfc.dll
0x000007fef8550000 - 0x000007fef8560000 	C:\Windows\system32\sfc_os.DLL
0x000007fefc440000 - 0x000007fefc45e000 	C:\Windows\system32\USERENV.dll
0x000007fefd180000 - 0x000007fefd18f000 	C:\Windows\system32\profapi.dll
0x000007fefb320000 - 0x000007fefb338000 	C:\Windows\system32\dwmapi.dll
0x000007fef9cc0000 - 0x000007fef9cd8000 	C:\Windows\system32\MPR.dll
0x000007fefe200000 - 0x000007fefe22e000 	C:\Windows\system32\IMM32.DLL
0x000007fefe040000 - 0x000007fefe149000 	C:\Windows\system32\MSCTF.dll
0x000007fefd140000 - 0x000007fefd180000 	C:\Windows\system32\nvinitx.dll
0x000000006d890000 - 0x000000006e048000 	C:\Program Files\Java\jdk1.6.0_25\jre\bin\server\jvm.dll
0x000007fefb130000 - 0x000007fefb16b000 	C:\Windows\system32\WINMM.dll
0x000000006d800000 - 0x000000006d80e000 	C:\Program Files\Java\jdk1.6.0_25\jre\bin\verify.dll
0x000000006d450000 - 0x000000006d477000 	C:\Program Files\Java\jdk1.6.0_25\jre\bin\java.dll
0x0000000077570000 - 0x0000000077577000 	C:\Windows\system32\PSAPI.DLL
0x000000006d850000 - 0x000000006d862000 	C:\Program Files\Java\jdk1.6.0_25\jre\bin\zip.dll
0x000000006d0a0000 - 0x000000006d263000 	C:\Program Files\Java\jdk1.6.0_25\jre\bin\awt.dll
0x000007fef9730000 - 0x000007fef97a1000 	C:\Windows\system32\WINSPOOL.DRV
0x000007fefb7a0000 - 0x000007fefb994000 	C:\Windows\WinSxS\amd64_microsoft.windows.common-controls_6595b64144ccf1df_6.0.7601.17514_none_fa396087175ac9ac\COMCTL32.dll
0x000007fefb6f0000 - 0x000007fefb746000 	C:\Windows\system32\uxtheme.dll
0x000007fefd070000 - 0x000007fefd07f000 	C:\Windows\system32\CRYPTBASE.dll
0x0000000180000000 - 0x000000018004a000 	C:\Program Files\Acer\Acer ePower Management\SysHook.dll
0x000007feff370000 - 0x000007feff447000 	C:\Windows\system32\OLEAUT32.dll
0x000000006d340000 - 0x000000006d3a6000 	C:\Program Files\Java\jdk1.6.0_25\jre\bin\fontmanager.dll
0x000000006d6a0000 - 0x000000006d6b7000 	C:\Program Files\Java\jdk1.6.0_25\jre\bin\net.dll
0x000007feff5b0000 - 0x000007feff5fd000 	C:\Windows\system32\WS2_32.dll
0x000007fefe150000 - 0x000007fefe158000 	C:\Windows\system32\NSI.dll
0x000007fefc9b0000 - 0x000007fefca05000 	C:\Windows\system32\mswsock.dll
0x000007fefc9a0000 - 0x000007fefc9a7000 	C:\Windows\System32\wship6.dll
0x000007fefc300000 - 0x000007fefc307000 	C:\Windows\System32\wshtcpip.dll
0x000000006d6c0000 - 0x000000006d6cb000 	C:\Program Files\Java\jdk1.6.0_25\jre\bin\nio.dll
0x000000006d2b0000 - 0x000000006d2d8000 	C:\Program Files\Java\jdk1.6.0_25\jre\bin\dcpr.dll
0x000000006d570000 - 0x000000006d5a5000 	C:\Program Files\Java\jdk1.6.0_25\jre\bin\jpeg.dll
0x000007fefca10000 - 0x000007fefca27000 	C:\Windows\system32\CRYPTSP.dll
0x000007fefc710000 - 0x000007fefc757000 	C:\Windows\system32\rsaenh.dll
0x000007fefd120000 - 0x000007fefd134000 	C:\Windows\system32\RpcRtRemote.dll

VM Arguments:
jvm_args: -Dfile.encoding=UTF-8 
java_command: org.jakc.payment.ClientApplication
Launcher Type: SUN_STANDARD

Environment Variables:
JAVA_HOME=C:\Program Files\Java\jdk1.6.0_25
PATH=C:\Program Files (x86)\NVIDIA Corporation\PhysX\Common;C:\Program Files\Common Files\Microsoft Shared\Windows Live;C:\Program Files (x86)\Common Files\Microsoft Shared\Windows Live;C:\Program Files (x86)\Intel\iCLS Client\;C:\Program Files\Intel\iCLS Client\;C:\Windows\system32;C:\Windows;C:\Windows\System32\Wbem;C:\Windows\System32\WindowsPowerShell\v1.0\;C:\Program Files\Intel\Intel(R) Management Engine Components\DAL;C:\Program Files\Intel\Intel(R) Management Engine Components\IPT;C:\Program Files (x86)\Intel\Intel(R) Management Engine Components\DAL;C:\Program Files (x86)\Intel\Intel(R) Management Engine Components\IPT;C:\Program Files (x86)\Windows Live\Shared;C:\Program Files (x86)\EgisTec MyWinLocker\x64;C:\Program Files (x86)\EgisTec MyWinLocker\;C:\Program Files (x86)\Intel\OpenCL SDK\2.0\bin\x86;C:\Program Files (x86)\Intel\OpenCL SDK\2.0\bin\x64;C:\Program Files\Diskeeper Corporation\ExpressCache\;D:\AppServ\Apache2.2\bin;D:\AppServ\php5;D:\AppServ\MySQL\bin
USERNAME=wahhid
OS=Windows_NT
PROCESSOR_IDENTIFIER=Intel64 Family 6 Model 58 Stepping 9, GenuineIntel



---------------  S Y S T E M  ---------------

OS: Windows 7 Build 7601 Service Pack 1

CPU:total 4 (2 cores per cpu, 2 threads per core) family 6 model 58 stepping 9, cmov, cx8, fxsr, mmx, sse, sse2, sse3, ssse3, sse4.1, sse4.2, popcnt, ht

Memory: 4k page, physical 4028780k(832852k free), swap 8055696k(2318400k free)

vm_info: Java HotSpot(TM) 64-Bit Server VM (20.0-b11) for windows-amd64 JRE (1.6.0_25-b06), built on Apr 14 2011 00:44:38 by "java_re" with MS VC++ 8.0 (VS2005)

time: Fri Nov 01 10:36:34 2013
elapsed time: 39 seconds

